{"contracts\\lottery.sol":{"l":{"56":3,"57":3,"58":3,"59":3,"60":3,"61":3,"62":3,"63":3,"69":0,"70":0,"71":0,"77":0,"100":0,"101":0,"102":0,"103":0,"104":0,"105":0,"117":0,"119":0,"121":0,"122":0,"130":0,"134":0,"135":0,"136":0,"137":0,"138":0,"139":0,"140":0,"141":0,"142":0,"144":0,"148":0,"152":0,"157":1,"161":0,"165":1},"path":"D:\\web3\\lottery-hardhat\\smart-contract\\contracts\\lottery.sol","s":{"1":0,"2":0,"3":0,"4":0,"5":0,"6":0,"7":0,"8":0,"9":0,"10":0,"11":0,"12":0,"13":0,"14":0,"15":0,"16":0,"17":0,"18":0,"19":0,"20":0,"21":1,"22":0,"23":1},"b":{"1":[0,0],"2":[0,0],"3":[0,0],"4":[0,0]},"f":{"1":3,"2":0,"3":0,"4":0,"5":0,"6":0,"7":0,"8":0,"9":1,"10":0,"11":1},"fnMap":{"1":{"name":"constructor","line":55,"loc":{"start":{"line":55,"column":4},"end":{"line":64,"column":4}}},"2":{"name":"enterLottery","line":67,"loc":{"start":{"line":67,"column":4},"end":{"line":73,"column":4}}},"3":{"name":"getPlayer","line":76,"loc":{"start":{"line":76,"column":4},"end":{"line":78,"column":4}}},"4":{"name":"checkUpkeep","line":89,"loc":{"start":{"line":89,"column":4},"end":{"line":106,"column":4}}},"5":{"name":"performUpkeep","line":114,"loc":{"start":{"line":114,"column":4},"end":{"line":131,"column":4}}},"6":{"name":"fulfillRandomWords","line":133,"loc":{"start":{"line":133,"column":4},"end":{"line":145,"column":4}}},"7":{"name":"getRecentWinner","line":147,"loc":{"start":{"line":147,"column":4},"end":{"line":149,"column":4}}},"8":{"name":"getEntranceFee","line":151,"loc":{"start":{"line":151,"column":4},"end":{"line":153,"column":4}}},"9":{"name":"getLotteryState","line":155,"loc":{"start":{"line":155,"column":4},"end":{"line":158,"column":4}}},"10":{"name":"getNumOfPlayers","line":160,"loc":{"start":{"line":160,"column":4},"end":{"line":162,"column":4}}},"11":{"name":"getInterval","line":164,"loc":{"start":{"line":164,"column":4},"end":{"line":166,"column":4}}}},"statementMap":{"1":{"start":{"line":69,"column":8},"end":{"line":69,"column":58}},"2":{"start":{"line":70,"column":8},"end":{"line":70,"column":75}},"3":{"start":{"line":71,"column":8},"end":{"line":71,"column":42}},"4":{"start":{"line":77,"column":8},"end":{"line":77,"column":31}},"5":{"start":{"line":100,"column":8},"end":{"line":100,"column":57}},"6":{"start":{"line":101,"column":8},"end":{"line":101,"column":76}},"7":{"start":{"line":102,"column":8},"end":{"line":102,"column":46}},"8":{"start":{"line":103,"column":8},"end":{"line":103,"column":51}},"9":{"start":{"line":105,"column":8},"end":{"line":105,"column":36}},"10":{"start":{"line":117,"column":6},"end":{"line":117,"column":44}},"11":{"start":{"line":119,"column":6},"end":{"line":119,"column":50}},"12":{"start":{"line":122,"column":6},"end":{"line":122,"column":4357}},"13":{"start":{"line":130,"column":8},"end":{"line":130,"column":44}},"14":{"start":{"line":134,"column":8},"end":{"line":134,"column":65}},"15":{"start":{"line":135,"column":8},"end":{"line":135,"column":57}},"16":{"start":{"line":140,"column":9},"end":{"line":140,"column":73}},"17":{"start":{"line":141,"column":9},"end":{"line":141,"column":5120}},"18":{"start":{"line":144,"column":8},"end":{"line":144,"column":33}},"19":{"start":{"line":148,"column":8},"end":{"line":148,"column":29}},"20":{"start":{"line":152,"column":8},"end":{"line":152,"column":25}},"21":{"start":{"line":157,"column":7},"end":{"line":157,"column":28}},"22":{"start":{"line":161,"column":8},"end":{"line":161,"column":31}},"23":{"start":{"line":165,"column":8},"end":{"line":165,"column":25}}},"branchMap":{"1":{"line":69,"type":"if","locations":[{"start":{"line":69,"column":8},"end":{"line":69,"column":8}},{"start":{"line":69,"column":8},"end":{"line":69,"column":8}}]},"2":{"line":70,"type":"if","locations":[{"start":{"line":70,"column":8},"end":{"line":70,"column":8}},{"start":{"line":70,"column":8},"end":{"line":70,"column":8}}]},"3":{"line":119,"type":"if","locations":[{"start":{"line":119,"column":6},"end":{"line":119,"column":6}},{"start":{"line":119,"column":6},"end":{"line":119,"column":6}}]},"4":{"line":141,"type":"if","locations":[{"start":{"line":141,"column":9},"end":{"line":141,"column":9}},{"start":{"line":141,"column":9},"end":{"line":141,"column":9}}]}}},"contracts\\test\\VRFCoordinatorV2Mock.sol":{"l":{},"path":"D:\\web3\\lottery-hardhat\\smart-contract\\contracts\\test\\VRFCoordinatorV2Mock.sol","s":{},"b":{},"f":{},"fnMap":{},"statementMap":{},"branchMap":{}}}