TN:
SF:D:\web3\lottery-hardhat\smart-contract\contracts\lottery.sol
FN:55,constructor
FN:67,enterLottery
FN:76,getPlayer
FN:89,checkUpkeep
FN:114,performUpkeep
FN:133,fulfillRandomWords
FN:147,getRecentWinner
FN:151,getEntranceFee
FN:155,getLotteryState
FN:160,getNumOfPlayers
FN:164,getInterval
FNF:11
FNH:3
FNDA:3,constructor
FNDA:0,enterLottery
FNDA:0,getPlayer
FNDA:0,checkUpkeep
FNDA:0,performUpkeep
FNDA:0,fulfillRandomWords
FNDA:0,getRecentWinner
FNDA:0,getEntranceFee
FNDA:1,getLotteryState
FNDA:0,getNumOfPlayers
FNDA:1,getInterval
DA:56,3
DA:57,3
DA:58,3
DA:59,3
DA:60,3
DA:61,3
DA:62,3
DA:63,3
DA:69,0
DA:70,0
DA:71,0
DA:77,0
DA:100,0
DA:101,0
DA:102,0
DA:103,0
DA:104,0
DA:105,0
DA:117,0
DA:119,0
DA:121,0
DA:122,0
DA:130,0
DA:134,0
DA:135,0
DA:136,0
DA:137,0
DA:138,0
DA:139,0
DA:140,0
DA:141,0
DA:142,0
DA:144,0
DA:148,0
DA:152,0
DA:157,1
DA:161,0
DA:165,1
LF:38
LH:10
BRDA:69,1,0,0
BRDA:69,1,1,0
BRDA:70,2,0,0
BRDA:70,2,1,0
BRDA:119,3,0,0
BRDA:119,3,1,0
BRDA:141,4,0,0
BRDA:141,4,1,0
BRF:8
BRH:0
end_of_record
TN:
SF:D:\web3\lottery-hardhat\smart-contract\contracts\test\VRFCoordinatorV2Mock.sol
FNF:0
FNH:0
LF:0
LH:0
BRF:0
BRH:0
end_of_record
